<?xml version="1.0" encoding="UTF-8"?>
<testng-results skipped="0" failed="0" ignored="0" total="1" passed="1">
  <reporter-output>
  </reporter-output>
  <suite name="Default suite" duration-ms="59915" started-at="2018-06-23T03:33:02Z" finished-at="2018-06-23T03:34:02Z">
    <groups>
    </groups>
    <test name="Default test" duration-ms="59915" started-at="2018-06-23T03:33:02Z" finished-at="2018-06-23T03:34:02Z">
      <class name="scripts.TestLogin">
        <test-method status="PASS" signature="openApplication()[pri:0, instance:scripts.TestLogin@2f943d71]" name="openApplication" is-config="true" duration-ms="33751" started-at="2018-06-23T03:33:02Z" finished-at="2018-06-23T03:33:36Z">
          <reporter-output>
          </reporter-output>
        </test-method> <!-- openApplication -->
        <test-method status="PASS" signature="testlogin()[pri:0, instance:scripts.TestLogin@2f943d71]" name="testlogin" duration-ms="22542" started-at="2018-06-23T03:33:36Z" finished-at="2018-06-23T03:33:59Z">
          <reporter-output>
          </reporter-output>
        </test-method> <!-- testlogin -->
        <test-method status="PASS" signature="closeApplication()[pri:0, instance:scripts.TestLogin@2f943d71]" name="closeApplication" is-config="true" duration-ms="3552" started-at="2018-06-23T03:33:59Z" finished-at="2018-06-23T03:34:02Z">
          <reporter-output>
          </reporter-output>
        </test-method> <!-- closeApplication -->
      </class> <!-- scripts.TestLogin -->
    </test> <!-- Default test -->
  </suite> <!-- Default suite -->
</testng-results>
