<?xml version="1.0" encoding="UTF-8"?>
<testng-results skipped="0" failed="0" ignored="0" total="1" passed="1">
  <reporter-output>
  </reporter-output>
  <suite name="Suite" duration-ms="159798" started-at="2018-06-29T19:51:19Z" finished-at="2018-06-29T19:53:59Z">
    <groups>
    </groups>
    <test name="Test" duration-ms="159798" started-at="2018-06-29T19:51:19Z" finished-at="2018-06-29T19:53:59Z">
      <class name="scripts.TestLogin">
        <test-method status="PASS" signature="openApplication()[pri:0, instance:scripts.TestLogin@56aac163]" name="openApplication" is-config="true" duration-ms="124034" started-at="2018-06-29T19:51:19Z" finished-at="2018-06-29T19:53:23Z">
          <reporter-output>
          </reporter-output>
        </test-method> <!-- openApplication -->
        <test-method status="PASS" signature="testlogin()[pri:0, instance:scripts.TestLogin@56aac163]" name="testlogin" duration-ms="27850" started-at="2018-06-29T19:53:23Z" finished-at="2018-06-29T19:53:51Z">
          <reporter-output>
          </reporter-output>
        </test-method> <!-- testlogin -->
        <test-method status="PASS" signature="closeApplication()[pri:0, instance:scripts.TestLogin@56aac163]" name="closeApplication" is-config="true" duration-ms="7834" started-at="2018-06-29T19:53:51Z" finished-at="2018-06-29T19:53:59Z">
          <reporter-output>
          </reporter-output>
        </test-method> <!-- closeApplication -->
      </class> <!-- scripts.TestLogin -->
    </test> <!-- Test -->
  </suite> <!-- Suite -->
</testng-results>
