<?xml version="1.0" encoding="UTF-8"?>
<testng-results skipped="0" failed="0" ignored="0" total="1" passed="1">
  <reporter-output>
  </reporter-output>
  <suite name="Suite" duration-ms="140274" started-at="2018-06-29T06:06:01Z" finished-at="2018-06-29T06:08:21Z">
    <groups>
    </groups>
    <test name="Test" duration-ms="140274" started-at="2018-06-29T06:06:01Z" finished-at="2018-06-29T06:08:21Z">
      <class name="scripts.TestLogin">
        <test-method status="PASS" signature="openApplication()[pri:0, instance:scripts.TestLogin@56aac163]" name="openApplication" is-config="true" duration-ms="102405" started-at="2018-06-29T06:06:01Z" finished-at="2018-06-29T06:07:43Z">
          <reporter-output>
          </reporter-output>
        </test-method> <!-- openApplication -->
        <test-method status="PASS" signature="testlogin()[pri:0, instance:scripts.TestLogin@56aac163]" name="testlogin" duration-ms="29790" started-at="2018-06-29T06:07:43Z" finished-at="2018-06-29T06:08:13Z">
          <reporter-output>
          </reporter-output>
        </test-method> <!-- testlogin -->
        <test-method status="PASS" signature="closeApplication()[pri:0, instance:scripts.TestLogin@56aac163]" name="closeApplication" is-config="true" duration-ms="7999" started-at="2018-06-29T06:08:13Z" finished-at="2018-06-29T06:08:21Z">
          <reporter-output>
          </reporter-output>
        </test-method> <!-- closeApplication -->
      </class> <!-- scripts.TestLogin -->
    </test> <!-- Test -->
  </suite> <!-- Suite -->
</testng-results>
